0 info it worked if it ends with ok
1 verbose cli [ '/Users/jeffreywong/.nvm/v0.10.26/bin/node',
1 verbose cli   '/Users/jeffreywong/.nvm/v0.10.26/bin/npm',
1 verbose cli   'run',
1 verbose cli   'babel' ]
2 info using npm@1.4.3
3 info using node@v0.10.26
4 error Error: ENOENT, open '/Users/jeffreywong/Projects/PathwayCommons/guide_Docker/guide/package.json'
5 error If you need help, you may report this *entire* log,
5 error including the npm and node versions, at:
5 error     <http://github.com/npm/npm/issues>
6 error System Darwin 15.4.0
7 error command "/Users/jeffreywong/.nvm/v0.10.26/bin/node" "/Users/jeffreywong/.nvm/v0.10.26/bin/npm" "run" "babel"
8 error cwd /Users/jeffreywong/Projects/PathwayCommons/guide_Docker/guide
9 error node -v v0.10.26
10 error npm -v 1.4.3
11 error path /Users/jeffreywong/Projects/PathwayCommons/guide_Docker/guide/package.json
12 error code ENOENT
13 error errno 34
14 verbose exit [ 34, true ]
